# JRE version: OpenJDK Runtime Environment Temurin-23+37 (23.0+37) (build 23+37)
# Java VM: OpenJDK 64-Bit Server VM Temurin-23+37 (23+37, mixed mode, sharing, tiered, compressed oops, compressed class ptrs, g1 gc, windows-amd64)
GC Precious Log:
 CardTable entry size: 512
 Card Set container configuration: InlinePtr #cards 4 size 8 Array Of Cards #cards 32 size 80 Howl #buckets 8 coarsen threshold 7372 Howl Bitmap #cards 1024 size 144 coarsen threshold 921 Card regions per heap region 1 cards per card region 8192
 CPUs: 22 total, 22 available
 Memory: 32151M
 Large Page Support: Disabled
 NUMA Support: Disabled
 Compressed Oops: Enabled (Zero based)
 Heap Region Size: 4M
 Heap Min Capacity: 8M
 Heap Initial Capacity: 504M
 Heap Max Capacity: 8040M
 Pre-touch: Disabled
 Parallel Workers: 16
 Concurrent Workers: 4
 Concurrent Refinement Workers: 16
 Periodic GC: Disabled
Heap:
 garbage-first heap   total reserved 8232960K, committed 516096K, used 55440K [0x0000000609800000, 0x0000000800000000)
  region size 4096K, 3 young (12288K), 1 survivors (4096K)
 Metaspace       used 7138K, committed 7424K, reserved 1114112K
  class space    used 760K, committed 896K, reserved 1048576K
GC Heap History (6 events):
Event: 2.575 GC heap before
{Heap before GC invocations=0 (full 0):
 garbage-first heap   total reserved 8232960K, committed 516096K, used 45056K [0x0000000609800000, 0x0000000800000000)
  region size 4096K, 6 young (24576K), 0 survivors (0K)
 Metaspace       used 6936K, committed 7168K, reserved 1114112K
  class space    used 753K, committed 896K, reserved 1048576K
}
Event: 2.582 GC heap after
{Heap after GC invocations=1 (full 0):
 garbage-first heap   total reserved 8232960K, committed 516096K, used 22885K [0x0000000609800000, 0x0000000800000000)
  region size 4096K, 1 young (4096K), 1 survivors (4096K)
 Metaspace       used 6936K, committed 7168K, reserved 1114112K
  class space    used 753K, committed 896K, reserved 1048576K
}
Event: 3.602 GC heap before
{Heap before GC invocations=1 (full 0):
 garbage-first heap   total reserved 8232960K, committed 516096K, used 47461K [0x0000000609800000, 0x0000000800000000)
  region size 4096K, 7 young (28672K), 1 survivors (4096K)
 Metaspace       used 6996K, committed 7296K, reserved 1114112K
  class space    used 757K, committed 896K, reserved 1048576K
}
Event: 3.611 GC heap after
{Heap after GC invocations=2 (full 0):
 garbage-first heap   total reserved 8232960K, committed 516096K, used 34870K [0x0000000609800000, 0x0000000800000000)
  region size 4096K, 1 young (4096K), 1 survivors (4096K)
 Metaspace       used 6996K, committed 7296K, reserved 1114112K
  class space    used 757K, committed 896K, reserved 1048576K
}
Event: 6.110 GC heap before
{Heap before GC invocations=2 (full 0):
 garbage-first heap   total reserved 8232960K, committed 516096K, used 84022K [0x0000000609800000, 0x0000000800000000)
  region size 4096K, 13 young (53248K), 1 survivors (4096K)
 Metaspace       used 7023K, committed 7296K, reserved 1114112K
  class space    used 758K, committed 896K, reserved 1048576K
}
Event: 6.114 GC heap after
{Heap after GC invocations=3 (full 0):
 garbage-first heap   total reserved 8232960K, committed 516096K, used 30864K [0x0000000609800000, 0x0000000800000000)
  region size 4096K, 1 young (4096K), 1 survivors (4096K)
 Metaspace       used 7023K, committed 7296K, reserved 1114112K
  class space    used 758K, committed 896K, reserved 1048576K
}

